<?xml version="1.0" encoding="UTF-8"?>
<testng-results ignored="0" total="1" passed="1" failed="0" skipped="0">
  <reporter-output>
  </reporter-output>
  <suite started-at="2022-04-24T16:54:39 IST" name="Default suite" finished-at="2022-04-24T16:54:46 IST" duration-ms="7504">
    <groups>
    </groups>
    <test started-at="2022-04-24T16:54:39 IST" name="Default test" finished-at="2022-04-24T16:54:46 IST" duration-ms="7504">
      <class name="Academy.HomePage">
        <test-method signature="basePageNavigation()[pri:0, instance:Academy.HomePage@dbf57b3]" started-at="2022-04-24T16:54:39 IST" name="basePageNavigation" finished-at="2022-04-24T16:54:46 IST" duration-ms="7461" status="PASS">
          <reporter-output>
          </reporter-output>
        </test-method> <!-- basePageNavigation -->
      </class> <!-- Academy.HomePage -->
    </test> <!-- Default test -->
  </suite> <!-- Default suite -->
</testng-results>
